[Sat Oct 27 20:11:42.559861 2018] [ssl:warn] [pid 3220:tid 496] AH01909: localhost:443:0 server certificate does NOT include an ID which matches the server name
[Sat Oct 27 20:11:42.686996 2018] [ssl:warn] [pid 3220:tid 496] AH01909: localhost:443:0 server certificate does NOT include an ID which matches the server name
[Sat Oct 27 20:11:42.819184 2018] [mpm_winnt:notice] [pid 3220:tid 496] AH00455: Apache/2.4.35 (Win32) OpenSSL/1.0.2p PHP/7.1.22 configured -- resuming normal operations
[Sat Oct 27 20:11:42.820184 2018] [mpm_winnt:notice] [pid 3220:tid 496] AH00456: Apache Lounge VC14 Server built: Sep 20 2018 13:45:32
[Sat Oct 27 20:11:42.820184 2018] [core:notice] [pid 3220:tid 496] AH00094: Command line: 'C:\\Bitnami\\REDMIN~1.6-3\\apache2\\bin\\httpd.exe -d C:/Bitnami/redmine-3.4.6-3/apache2 -f C:\\Bitnami\\REDMIN~1.6-3\\apache2\\conf\\httpd.conf'
[Sat Oct 27 20:11:42.825189 2018] [mpm_winnt:notice] [pid 3220:tid 496] AH00418: Parent: Created child process 2084
[Sat Oct 27 20:11:43.228644 2018] [ssl:warn] [pid 2084:tid 428] AH01909: localhost:443:0 server certificate does NOT include an ID which matches the server name
[Sat Oct 27 20:11:43.334782 2018] [ssl:warn] [pid 2084:tid 428] AH01909: localhost:443:0 server certificate does NOT include an ID which matches the server name
[Sat Oct 27 20:11:43.353854 2018] [mpm_winnt:notice] [pid 2084:tid 428] AH00354: Child: Starting 64 worker threads.
[Sat Oct 27 20:12:52.807258 2018] [mpm_winnt:notice] [pid 3220:tid 496] AH00422: Parent: Received shutdown signal -- Shutting down the server.
[Sat Oct 27 20:12:54.809409 2018] [mpm_winnt:notice] [pid 2084:tid 428] AH00364: Child: All worker threads have exited.
[Sat Oct 27 20:12:54.865396 2018] [mpm_winnt:notice] [pid 3220:tid 496] AH00430: Parent: Child process 2084 exited successfully.
[Sat Oct 27 20:12:56.835910 2018] [ssl:warn] [pid 3588:tid 148] AH01909: localhost:443:0 server certificate does NOT include an ID which matches the server name
[Sat Oct 27 20:12:56.975067 2018] [ssl:warn] [pid 3588:tid 148] AH01909: localhost:443:0 server certificate does NOT include an ID which matches the server name
[Sat Oct 27 20:12:56.993088 2018] [mpm_winnt:notice] [pid 3588:tid 148] AH00455: Apache/2.4.35 (Win32) OpenSSL/1.0.2p PHP/7.1.22 configured -- resuming normal operations
[Sat Oct 27 20:12:56.993088 2018] [mpm_winnt:notice] [pid 3588:tid 148] AH00456: Apache Lounge VC14 Server built: Sep 20 2018 13:45:32
[Sat Oct 27 20:12:56.993088 2018] [core:notice] [pid 3588:tid 148] AH00094: Command line: 'C:\\Bitnami\\REDMIN~1.6-3\\apache2\\bin\\httpd.exe -d C:/Bitnami/redmine-3.4.6-3/apache2 -f C:\\Bitnami\\REDMIN~1.6-3\\apache2\\conf\\httpd.conf'
[Sat Oct 27 20:12:57.002098 2018] [mpm_winnt:notice] [pid 3588:tid 148] AH00418: Parent: Created child process 7392
[Sat Oct 27 20:12:57.456608 2018] [ssl:warn] [pid 7392:tid 476] AH01909: localhost:443:0 server certificate does NOT include an ID which matches the server name
[Sat Oct 27 20:12:57.585753 2018] [ssl:warn] [pid 7392:tid 476] AH01909: localhost:443:0 server certificate does NOT include an ID which matches the server name
[Sat Oct 27 20:12:57.599771 2018] [mpm_winnt:notice] [pid 7392:tid 476] AH00354: Child: Starting 64 worker threads.
[Sat Oct 27 20:14:44.871416 2018] [mpm_winnt:notice] [pid 3588:tid 148] AH00422: Parent: Received shutdown signal -- Shutting down the server.
[Sat Oct 27 20:14:46.873477 2018] [mpm_winnt:notice] [pid 7392:tid 476] AH00364: Child: All worker threads have exited.
[Sat Oct 27 20:14:46.913600 2018] [mpm_winnt:notice] [pid 3588:tid 148] AH00430: Parent: Child process 7392 exited successfully.
[Sat Oct 27 20:14:49.040558 2018] [ssl:warn] [pid 6364:tid 540] AH01909: localhost:443:0 server certificate does NOT include an ID which matches the server name
[Sat Oct 27 20:14:49.164714 2018] [ssl:warn] [pid 6364:tid 540] AH01909: localhost:443:0 server certificate does NOT include an ID which matches the server name
[Sat Oct 27 20:14:49.180715 2018] [mpm_winnt:notice] [pid 6364:tid 540] AH00455: Apache/2.4.35 (Win32) OpenSSL/1.0.2p PHP/7.1.22 configured -- resuming normal operations
[Sat Oct 27 20:14:49.180715 2018] [mpm_winnt:notice] [pid 6364:tid 540] AH00456: Apache Lounge VC14 Server built: Sep 20 2018 13:45:32
[Sat Oct 27 20:14:49.181716 2018] [core:notice] [pid 6364:tid 540] AH00094: Command line: 'C:\\Bitnami\\REDMIN~1.6-3\\apache2\\bin\\httpd.exe -d C:/Bitnami/redmine-3.4.6-3/apache2 -f C:\\Bitnami\\REDMIN~1.6-3\\apache2\\conf\\httpd.conf'
[Sat Oct 27 20:14:49.186723 2018] [mpm_winnt:notice] [pid 6364:tid 540] AH00418: Parent: Created child process 8384
[Sat Oct 27 20:14:49.582165 2018] [ssl:warn] [pid 8384:tid 468] AH01909: localhost:443:0 server certificate does NOT include an ID which matches the server name
[Sat Oct 27 20:14:49.702422 2018] [ssl:warn] [pid 8384:tid 468] AH01909: localhost:443:0 server certificate does NOT include an ID which matches the server name
[Sat Oct 27 20:14:49.718421 2018] [mpm_winnt:notice] [pid 8384:tid 468] AH00354: Child: Starting 64 worker threads.
[Sat Oct 27 20:15:01.655024 2018] [mpm_winnt:notice] [pid 6364:tid 540] AH00422: Parent: Received shutdown signal -- Shutting down the server.
[Sat Oct 27 20:15:03.656377 2018] [mpm_winnt:notice] [pid 8384:tid 468] AH00364: Child: All worker threads have exited.
[Sat Oct 27 20:15:03.700344 2018] [mpm_winnt:notice] [pid 6364:tid 540] AH00430: Parent: Child process 8384 exited successfully.
[Sat Oct 27 20:15:05.227551 2018] [ssl:warn] [pid 4164:tid 508] AH01909: localhost:443:0 server certificate does NOT include an ID which matches the server name
[Sat Oct 27 20:15:05.356697 2018] [ssl:warn] [pid 4164:tid 508] AH01909: localhost:443:0 server certificate does NOT include an ID which matches the server name
[Sat Oct 27 20:15:05.371714 2018] [mpm_winnt:notice] [pid 4164:tid 508] AH00455: Apache/2.4.35 (Win32) OpenSSL/1.0.2p PHP/7.1.22 configured -- resuming normal operations
[Sat Oct 27 20:15:05.371714 2018] [mpm_winnt:notice] [pid 4164:tid 508] AH00456: Apache Lounge VC14 Server built: Sep 20 2018 13:45:32
[Sat Oct 27 20:15:05.371714 2018] [core:notice] [pid 4164:tid 508] AH00094: Command line: 'C:\\Bitnami\\REDMIN~1.6-3\\apache2\\bin\\httpd.exe -d C:/Bitnami/redmine-3.4.6-3/apache2 -f C:\\Bitnami\\REDMIN~1.6-3\\apache2\\conf\\httpd.conf'
[Sat Oct 27 20:15:05.375718 2018] [mpm_winnt:notice] [pid 4164:tid 508] AH00418: Parent: Created child process 6780
[Sat Oct 27 20:15:05.777171 2018] [ssl:warn] [pid 6780:tid 172] AH01909: localhost:443:0 server certificate does NOT include an ID which matches the server name
[Sat Oct 27 20:15:05.895320 2018] [ssl:warn] [pid 6780:tid 172] AH01909: localhost:443:0 server certificate does NOT include an ID which matches the server name
[Sat Oct 27 20:15:05.909317 2018] [mpm_winnt:notice] [pid 6780:tid 172] AH00354: Child: Starting 64 worker threads.
[Sun Oct 28 16:13:21.094965 2018] [mpm_winnt:notice] [pid 4164:tid 508] AH00422: Parent: Received shutdown signal -- Shutting down the server.
[Sun Oct 28 16:13:23.099222 2018] [mpm_winnt:notice] [pid 6780:tid 172] AH00364: Child: All worker threads have exited.
[Sun Oct 28 16:13:23.166278 2018] [mpm_winnt:notice] [pid 4164:tid 508] AH00430: Parent: Child process 6780 exited successfully.
[Sun Oct 28 16:13:32.180673 2018] [ssl:warn] [pid 3488:tid 592] AH01909: localhost:443:0 server certificate does NOT include an ID which matches the server name
[Sun Oct 28 16:13:32.388908 2018] [ssl:warn] [pid 3488:tid 592] AH01909: localhost:443:0 server certificate does NOT include an ID which matches the server name
[Sun Oct 28 16:13:32.431954 2018] [mpm_winnt:notice] [pid 3488:tid 592] AH00455: Apache/2.4.35 (Win32) OpenSSL/1.0.2p PHP/7.1.22 configured -- resuming normal operations
[Sun Oct 28 16:13:32.431954 2018] [mpm_winnt:notice] [pid 3488:tid 592] AH00456: Apache Lounge VC14 Server built: Sep 20 2018 13:45:32
[Sun Oct 28 16:13:32.431954 2018] [core:notice] [pid 3488:tid 592] AH00094: Command line: 'C:\\Bitnami\\REDMIN~1.6-3\\apache2\\bin\\httpd.exe -d C:/Bitnami/redmine-3.4.6-3/apache2 -f C:\\Bitnami\\REDMIN~1.6-3\\apache2\\conf\\httpd.conf'
[Sun Oct 28 16:13:32.434958 2018] [mpm_winnt:notice] [pid 3488:tid 592] AH00418: Parent: Created child process 2824
[Sun Oct 28 16:13:33.153766 2018] [ssl:warn] [pid 2824:tid 440] AH01909: localhost:443:0 server certificate does NOT include an ID which matches the server name
[Sun Oct 28 16:13:33.350986 2018] [ssl:warn] [pid 2824:tid 440] AH01909: localhost:443:0 server certificate does NOT include an ID which matches the server name
[Sun Oct 28 16:13:33.373012 2018] [mpm_winnt:notice] [pid 2824:tid 440] AH00354: Child: Starting 64 worker threads.
[Sun Oct 28 16:14:12.273647 2018] [proxy:error] [pid 2824:tid 1224] (OS 10061)No connection could be made because the target machine actively refused it.  : AH00957: HTTP: attempt to connect to 127.0.0.1:3002 (127.0.0.1) failed
[Sun Oct 28 16:14:12.273647 2018] [proxy:error] [pid 2824:tid 1224] AH00959: ap_proxy_connect_backend disabling worker for (127.0.0.1) for 60s
[Sun Oct 28 16:14:12.274629 2018] [proxy_http:error] [pid 2824:tid 1224] [client ::1:64811] AH01114: HTTP: failed to make connection to backend: 127.0.0.1, referer: http://localhost/redmine/
[Sun Oct 28 16:14:12.340889 2018] [proxy:error] [pid 2824:tid 1220] (OS 10061)No connection could be made because the target machine actively refused it.  : AH00957: HTTP: attempt to connect to 127.0.0.1:3002 (127.0.0.1) failed
[Sun Oct 28 16:14:12.340889 2018] [proxy_http:error] [pid 2824:tid 1220] [client ::1:64816] AH01114: HTTP: failed to make connection to backend: 127.0.0.1, referer: http://localhost/redmine/
[Sun Oct 28 16:14:12.646356 2018] [proxy:error] [pid 2824:tid 1212] (OS 10061)No connection could be made because the target machine actively refused it.  : AH00957: HTTP: attempt to connect to 127.0.0.1:3002 (127.0.0.1) failed
[Sun Oct 28 16:14:12.646356 2018] [proxy_http:error] [pid 2824:tid 1212] [client ::1:64820] AH01114: HTTP: failed to make connection to backend: 127.0.0.1, referer: http://localhost/redmine/
[Sun Oct 28 16:14:12.658350 2018] [proxy:error] [pid 2824:tid 1204] (OS 10061)No connection could be made because the target machine actively refused it.  : AH00957: HTTP: attempt to connect to 127.0.0.1:3002 (127.0.0.1) failed
[Sun Oct 28 16:14:12.658350 2018] [proxy_http:error] [pid 2824:tid 1204] [client ::1:64823] AH01114: HTTP: failed to make connection to backend: 127.0.0.1, referer: http://localhost/redmine/
[Sun Oct 28 16:14:12.679392 2018] [proxy:error] [pid 2824:tid 1208] (OS 10061)No connection could be made because the target machine actively refused it.  : AH00957: HTTP: attempt to connect to 127.0.0.1:3002 (127.0.0.1) failed
[Sun Oct 28 16:14:12.679392 2018] [proxy_http:error] [pid 2824:tid 1208] [client ::1:64822] AH01114: HTTP: failed to make connection to backend: 127.0.0.1, referer: http://localhost/redmine/
[Sun Oct 28 16:14:12.692389 2018] [proxy:error] [pid 2824:tid 1216] (OS 10061)No connection could be made because the target machine actively refused it.  : AH00957: HTTP: attempt to connect to 127.0.0.1:3002 (127.0.0.1) failed
[Sun Oct 28 16:14:12.692389 2018] [proxy_http:error] [pid 2824:tid 1216] [client ::1:64819] AH01114: HTTP: failed to make connection to backend: 127.0.0.1, referer: http://localhost/redmine/
[Sun Oct 28 16:15:21.336985 2018] [proxy:error] [pid 2824:tid 1204] (OS 10061)No connection could be made because the target machine actively refused it.  : AH00957: HTTP: attempt to connect to 127.0.0.1:3002 (127.0.0.1) failed
[Sun Oct 28 16:15:21.336985 2018] [proxy:error] [pid 2824:tid 1204] AH00959: ap_proxy_connect_backend disabling worker for (127.0.0.1) for 60s
[Sun Oct 28 16:15:21.336985 2018] [proxy_http:error] [pid 2824:tid 1204] [client ::1:64927] AH01114: HTTP: failed to make connection to backend: 127.0.0.1, referer: http://localhost/redmine/stylesheets/application.css?1528612569
[Wed Oct 31 22:52:41.631553 2018] [mpm_winnt:notice] [pid 3488:tid 592] AH00422: Parent: Received shutdown signal -- Shutting down the server.
[Wed Oct 31 22:52:43.741096 2018] [mpm_winnt:notice] [pid 2824:tid 440] AH00364: Child: All worker threads have exited.
[Wed Oct 31 22:52:44.069162 2018] [mpm_winnt:notice] [pid 3488:tid 592] AH00430: Parent: Child process 2824 exited successfully.
[Wed Oct 31 22:59:33.233553 2018] [ssl:warn] [pid 3868:tid 616] AH01909: localhost:443:0 server certificate does NOT include an ID which matches the server name
[Wed Oct 31 22:59:33.575618 2018] [ssl:warn] [pid 3868:tid 616] AH01909: localhost:443:0 server certificate does NOT include an ID which matches the server name
[Wed Oct 31 22:59:33.801607 2018] [mpm_winnt:notice] [pid 3868:tid 616] AH00455: Apache/2.4.35 (Win32) OpenSSL/1.0.2p PHP/7.1.22 configured -- resuming normal operations
[Wed Oct 31 22:59:33.801607 2018] [mpm_winnt:notice] [pid 3868:tid 616] AH00456: Apache Lounge VC14 Server built: Sep 20 2018 13:45:32
[Wed Oct 31 22:59:33.801607 2018] [core:notice] [pid 3868:tid 616] AH00094: Command line: 'C:\\Bitnami\\redmine-3.4.6-3\\apache2\\bin\\httpd.exe -d C:/Bitnami/redmine-3.4.6-3/apache2 -f C:\\Bitnami\\redmine-3.4.6-3\\apache2\\conf\\httpd.conf'
[Wed Oct 31 22:59:33.801607 2018] [mpm_winnt:notice] [pid 3868:tid 616] AH00418: Parent: Created child process 3900
[Wed Oct 31 22:59:35.232084 2018] [ssl:warn] [pid 3900:tid 624] AH01909: localhost:443:0 server certificate does NOT include an ID which matches the server name
[Wed Oct 31 22:59:35.515879 2018] [ssl:warn] [pid 3900:tid 624] AH01909: localhost:443:0 server certificate does NOT include an ID which matches the server name
[Wed Oct 31 22:59:35.556104 2018] [mpm_winnt:notice] [pid 3900:tid 624] AH00354: Child: Starting 64 worker threads.
[Thu Nov 01 22:39:30.940335 2018] [mpm_winnt:notice] [pid 3868:tid 616] AH00422: Parent: Received shutdown signal -- Shutting down the server.
[Thu Nov 01 22:39:33.096580 2018] [mpm_winnt:notice] [pid 3900:tid 624] AH00364: Child: All worker threads have exited.
[Thu Nov 01 22:39:33.565264 2018] [mpm_winnt:notice] [pid 3868:tid 616] AH00430: Parent: Child process 3900 exited successfully.
[Thu Nov 01 22:39:51.916583 2018] [ssl:warn] [pid 3204:tid 856] AH01909: localhost:443:0 server certificate does NOT include an ID which matches the server name
[Thu Nov 01 22:39:52.237818 2018] [ssl:warn] [pid 3204:tid 856] AH01909: localhost:443:0 server certificate does NOT include an ID which matches the server name
[Thu Nov 01 22:39:52.400975 2018] [mpm_winnt:notice] [pid 3204:tid 856] AH00455: Apache/2.4.35 (Win32) OpenSSL/1.0.2p PHP/7.1.22 configured -- resuming normal operations
[Thu Nov 01 22:39:52.400975 2018] [mpm_winnt:notice] [pid 3204:tid 856] AH00456: Apache Lounge VC14 Server built: Sep 20 2018 13:45:32
[Thu Nov 01 22:39:52.400975 2018] [core:notice] [pid 3204:tid 856] AH00094: Command line: 'C:\\Bitnami\\redmine-3.4.6-3\\apache2\\bin\\httpd.exe -d C:/Bitnami/redmine-3.4.6-3/apache2 -f C:\\Bitnami\\redmine-3.4.6-3\\apache2\\conf\\httpd.conf'
[Thu Nov 01 22:39:52.409009 2018] [mpm_winnt:notice] [pid 3204:tid 856] AH00418: Parent: Created child process 4936
[Thu Nov 01 22:39:53.600283 2018] [ssl:warn] [pid 4936:tid 692] AH01909: localhost:443:0 server certificate does NOT include an ID which matches the server name
[Thu Nov 01 22:39:55.645151 2018] [ssl:warn] [pid 4936:tid 692] AH01909: localhost:443:0 server certificate does NOT include an ID which matches the server name
[Thu Nov 01 22:39:56.177355 2018] [mpm_winnt:notice] [pid 4936:tid 692] AH00354: Child: Starting 64 worker threads.
[Sat Nov 03 12:03:01.616480 2018] [mpm_winnt:notice] [pid 3204:tid 856] AH00422: Parent: Received shutdown signal -- Shutting down the server.
[Sat Nov 03 12:03:03.757038 2018] [mpm_winnt:notice] [pid 4936:tid 692] AH00364: Child: All worker threads have exited.
[Sat Nov 03 12:03:03.991474 2018] [mpm_winnt:notice] [pid 3204:tid 856] AH00430: Parent: Child process 4936 exited successfully.
[Sat Nov 03 12:03:26.889443 2018] [ssl:warn] [pid 3672:tid 724] AH01909: localhost:443:0 server certificate does NOT include an ID which matches the server name
[Sat Nov 03 12:03:27.308808 2018] [ssl:warn] [pid 3672:tid 724] AH01909: localhost:443:0 server certificate does NOT include an ID which matches the server name
[Sat Nov 03 12:03:27.683476 2018] [mpm_winnt:notice] [pid 3672:tid 724] AH00455: Apache/2.4.35 (Win32) OpenSSL/1.0.2p PHP/7.1.22 configured -- resuming normal operations
[Sat Nov 03 12:03:27.683476 2018] [mpm_winnt:notice] [pid 3672:tid 724] AH00456: Apache Lounge VC14 Server built: Sep 20 2018 13:45:32
[Sat Nov 03 12:03:27.683476 2018] [core:notice] [pid 3672:tid 724] AH00094: Command line: 'C:\\Bitnami\\redmine-3.4.6-3\\apache2\\bin\\httpd.exe -d C:/Bitnami/redmine-3.4.6-3/apache2 -f C:\\Bitnami\\redmine-3.4.6-3\\apache2\\conf\\httpd.conf'
[Sat Nov 03 12:03:27.693538 2018] [mpm_winnt:notice] [pid 3672:tid 724] AH00418: Parent: Created child process 5516
[Sat Nov 03 12:03:29.840181 2018] [ssl:warn] [pid 5516:tid 636] AH01909: localhost:443:0 server certificate does NOT include an ID which matches the server name
[Sat Nov 03 12:03:30.109861 2018] [ssl:warn] [pid 5516:tid 636] AH01909: localhost:443:0 server certificate does NOT include an ID which matches the server name
[Sat Nov 03 12:03:30.160072 2018] [mpm_winnt:notice] [pid 5516:tid 636] AH00354: Child: Starting 64 worker threads.
[Sun Nov 04 11:07:59.351295 2018] [mpm_winnt:notice] [pid 3672:tid 724] AH00422: Parent: Received shutdown signal -- Shutting down the server.
[Sun Nov 04 11:08:01.523167 2018] [mpm_winnt:notice] [pid 5516:tid 636] AH00364: Child: All worker threads have exited.
[Sun Nov 04 11:08:01.882532 2018] [mpm_winnt:notice] [pid 3672:tid 724] AH00430: Parent: Child process 5516 exited successfully.
[Sun Nov 04 11:08:20.033749 2018] [ssl:warn] [pid 3724:tid 820] AH01909: localhost:443:0 server certificate does NOT include an ID which matches the server name
[Sun Nov 04 11:08:20.556667 2018] [ssl:warn] [pid 3724:tid 820] AH01909: localhost:443:0 server certificate does NOT include an ID which matches the server name
[Sun Nov 04 11:08:20.955104 2018] [mpm_winnt:notice] [pid 3724:tid 820] AH00455: Apache/2.4.35 (Win32) OpenSSL/1.0.2p PHP/7.1.22 configured -- resuming normal operations
[Sun Nov 04 11:08:20.955104 2018] [mpm_winnt:notice] [pid 3724:tid 820] AH00456: Apache Lounge VC14 Server built: Sep 20 2018 13:45:32
[Sun Nov 04 11:08:20.955104 2018] [core:notice] [pid 3724:tid 820] AH00094: Command line: 'C:\\Bitnami\\redmine-3.4.6-3\\apache2\\bin\\httpd.exe -d C:/Bitnami/redmine-3.4.6-3/apache2 -f C:\\Bitnami\\redmine-3.4.6-3\\apache2\\conf\\httpd.conf'
[Sun Nov 04 11:08:20.971602 2018] [mpm_winnt:notice] [pid 3724:tid 820] AH00418: Parent: Created child process 808
[Sun Nov 04 11:08:23.119765 2018] [ssl:warn] [pid 808:tid 672] AH01909: localhost:443:0 server certificate does NOT include an ID which matches the server name
[Sun Nov 04 11:08:23.807156 2018] [ssl:warn] [pid 808:tid 672] AH01909: localhost:443:0 server certificate does NOT include an ID which matches the server name
[Sun Nov 04 11:08:24.780004 2018] [mpm_winnt:notice] [pid 808:tid 672] AH00354: Child: Starting 64 worker threads.
[Sun Nov 04 12:43:12.684709 2018] [mpm_winnt:notice] [pid 3724:tid 820] AH00422: Parent: Received shutdown signal -- Shutting down the server.
[Sun Nov 04 12:43:14.796182 2018] [mpm_winnt:notice] [pid 808:tid 672] AH00364: Child: All worker threads have exited.
[Sun Nov 04 12:43:15.055965 2018] [mpm_winnt:notice] [pid 3724:tid 820] AH00430: Parent: Child process 808 exited successfully.
[Sun Nov 04 12:43:32.356949 2018] [ssl:warn] [pid 3628:tid 600] AH01909: localhost:443:0 server certificate does NOT include an ID which matches the server name
[Sun Nov 04 12:43:32.820057 2018] [ssl:warn] [pid 3628:tid 600] AH01909: localhost:443:0 server certificate does NOT include an ID which matches the server name
[Sun Nov 04 12:43:33.265331 2018] [mpm_winnt:notice] [pid 3628:tid 600] AH00455: Apache/2.4.35 (Win32) OpenSSL/1.0.2p PHP/7.1.22 configured -- resuming normal operations
[Sun Nov 04 12:43:33.265331 2018] [mpm_winnt:notice] [pid 3628:tid 600] AH00456: Apache Lounge VC14 Server built: Sep 20 2018 13:45:32
[Sun Nov 04 12:43:33.265331 2018] [core:notice] [pid 3628:tid 600] AH00094: Command line: 'C:\\Bitnami\\redmine-3.4.6-3\\apache2\\bin\\httpd.exe -d C:/Bitnami/redmine-3.4.6-3/apache2 -f C:\\Bitnami\\redmine-3.4.6-3\\apache2\\conf\\httpd.conf'
[Sun Nov 04 12:43:33.283674 2018] [mpm_winnt:notice] [pid 3628:tid 600] AH00418: Parent: Created child process 5136
[Sun Nov 04 12:43:35.141844 2018] [ssl:warn] [pid 5136:tid 200] AH01909: localhost:443:0 server certificate does NOT include an ID which matches the server name
[Sun Nov 04 12:43:35.950234 2018] [ssl:warn] [pid 5136:tid 200] AH01909: localhost:443:0 server certificate does NOT include an ID which matches the server name
[Sun Nov 04 12:43:37.148194 2018] [mpm_winnt:notice] [pid 5136:tid 200] AH00354: Child: Starting 64 worker threads.
[Sun Nov 04 12:50:51.177945 2018] [mpm_winnt:notice] [pid 3628:tid 600] AH00422: Parent: Received shutdown signal -- Shutting down the server.
[Sun Nov 04 12:50:53.209198 2018] [mpm_winnt:notice] [pid 5136:tid 200] AH00364: Child: All worker threads have exited.
[Sun Nov 04 12:50:53.256003 2018] [mpm_winnt:notice] [pid 3628:tid 600] AH00430: Parent: Child process 5136 exited successfully.
[Sun Nov 04 12:51:11.467411 2018] [ssl:warn] [pid 3704:tid 756] AH01909: localhost:443:0 server certificate does NOT include an ID which matches the server name
[Sun Nov 04 12:51:11.992349 2018] [ssl:warn] [pid 3704:tid 756] AH01909: localhost:443:0 server certificate does NOT include an ID which matches the server name
[Sun Nov 04 12:51:12.325978 2018] [mpm_winnt:notice] [pid 3704:tid 756] AH00455: Apache/2.4.35 (Win32) OpenSSL/1.0.2p PHP/7.1.22 configured -- resuming normal operations
[Sun Nov 04 12:51:12.325978 2018] [mpm_winnt:notice] [pid 3704:tid 756] AH00456: Apache Lounge VC14 Server built: Sep 20 2018 13:45:32
[Sun Nov 04 12:51:12.325978 2018] [core:notice] [pid 3704:tid 756] AH00094: Command line: 'C:\\Bitnami\\redmine-3.4.6-3\\apache2\\bin\\httpd.exe -d C:/Bitnami/redmine-3.4.6-3/apache2 -f C:\\Bitnami\\redmine-3.4.6-3\\apache2\\conf\\httpd.conf'
[Sun Nov 04 12:51:12.336032 2018] [mpm_winnt:notice] [pid 3704:tid 756] AH00418: Parent: Created child process 1592
[Sun Nov 04 12:51:14.519229 2018] [ssl:warn] [pid 1592:tid 544] AH01909: localhost:443:0 server certificate does NOT include an ID which matches the server name
[Sun Nov 04 12:51:15.113022 2018] [ssl:warn] [pid 1592:tid 544] AH01909: localhost:443:0 server certificate does NOT include an ID which matches the server name
[Sun Nov 04 12:51:15.181406 2018] [mpm_winnt:notice] [pid 1592:tid 544] AH00354: Child: Starting 64 worker threads.
[Sun Nov 04 19:12:57.879469 2018] [mpm_winnt:notice] [pid 3704:tid 756] AH00422: Parent: Received shutdown signal -- Shutting down the server.
[Sun Nov 04 19:13:00.051339 2018] [mpm_winnt:notice] [pid 1592:tid 544] AH00364: Child: All worker threads have exited.
[Sun Nov 04 19:13:00.301332 2018] [mpm_winnt:notice] [pid 3704:tid 756] AH00430: Parent: Child process 1592 exited successfully.
[Sun Nov 04 19:13:21.035080 2018] [ssl:warn] [pid 3500:tid 624] AH01909: localhost:443:0 server certificate does NOT include an ID which matches the server name
[Sun Nov 04 19:13:21.542231 2018] [ssl:warn] [pid 3500:tid 624] AH01909: localhost:443:0 server certificate does NOT include an ID which matches the server name
[Sun Nov 04 19:13:21.899324 2018] [mpm_winnt:notice] [pid 3500:tid 624] AH00455: Apache/2.4.35 (Win32) OpenSSL/1.0.2p PHP/7.1.22 configured -- resuming normal operations
[Sun Nov 04 19:13:21.899324 2018] [mpm_winnt:notice] [pid 3500:tid 624] AH00456: Apache Lounge VC14 Server built: Sep 20 2018 13:45:32
[Sun Nov 04 19:13:21.899324 2018] [core:notice] [pid 3500:tid 624] AH00094: Command line: 'C:\\Bitnami\\redmine-3.4.6-3\\apache2\\bin\\httpd.exe -d C:/Bitnami/redmine-3.4.6-3/apache2 -f C:\\Bitnami\\redmine-3.4.6-3\\apache2\\conf\\httpd.conf'
[Sun Nov 04 19:13:21.899324 2018] [mpm_winnt:notice] [pid 3500:tid 624] AH00418: Parent: Created child process 1564
[Sun Nov 04 19:13:23.956372 2018] [ssl:warn] [pid 1564:tid 644] AH01909: localhost:443:0 server certificate does NOT include an ID which matches the server name
[Sun Nov 04 19:13:24.719651 2018] [ssl:warn] [pid 1564:tid 644] AH01909: localhost:443:0 server certificate does NOT include an ID which matches the server name
[Sun Nov 04 19:13:25.900557 2018] [mpm_winnt:notice] [pid 1564:tid 644] AH00354: Child: Starting 64 worker threads.
[Tue Nov 06 19:17:22.772114 2018] [mpm_winnt:notice] [pid 3500:tid 624] AH00422: Parent: Received shutdown signal -- Shutting down the server.
[Tue Nov 06 19:17:24.943992 2018] [mpm_winnt:notice] [pid 1564:tid 644] AH00364: Child: All worker threads have exited.
[Tue Nov 06 19:17:25.209557 2018] [mpm_winnt:notice] [pid 3500:tid 624] AH00430: Parent: Child process 1564 exited successfully.
[Tue Nov 06 19:17:45.434836 2018] [ssl:warn] [pid 3580:tid 692] AH01909: localhost:443:0 server certificate does NOT include an ID which matches the server name
[Tue Nov 06 19:17:45.842773 2018] [ssl:warn] [pid 3580:tid 692] AH01909: localhost:443:0 server certificate does NOT include an ID which matches the server name
[Tue Nov 06 19:17:46.359191 2018] [mpm_winnt:notice] [pid 3580:tid 692] AH00455: Apache/2.4.35 (Win32) OpenSSL/1.0.2p PHP/7.1.22 configured -- resuming normal operations
[Tue Nov 06 19:17:46.359692 2018] [mpm_winnt:notice] [pid 3580:tid 692] AH00456: Apache Lounge VC14 Server built: Sep 20 2018 13:45:32
[Tue Nov 06 19:17:46.359692 2018] [core:notice] [pid 3580:tid 692] AH00094: Command line: 'C:\\Bitnami\\redmine-3.4.6-3\\apache2\\bin\\httpd.exe -d C:/Bitnami/redmine-3.4.6-3/apache2 -f C:\\Bitnami\\redmine-3.4.6-3\\apache2\\conf\\httpd.conf'
[Tue Nov 06 19:17:46.364190 2018] [mpm_winnt:notice] [pid 3580:tid 692] AH00418: Parent: Created child process 924
[Tue Nov 06 19:17:48.538350 2018] [ssl:warn] [pid 924:tid 688] AH01909: localhost:443:0 server certificate does NOT include an ID which matches the server name
[Tue Nov 06 19:17:48.761816 2018] [ssl:warn] [pid 924:tid 688] AH01909: localhost:443:0 server certificate does NOT include an ID which matches the server name
[Tue Nov 06 19:17:48.848303 2018] [mpm_winnt:notice] [pid 924:tid 688] AH00354: Child: Starting 64 worker threads.
[Tue Nov 06 19:27:29.966004 2018] [mpm_winnt:notice] [pid 3580:tid 692] AH00422: Parent: Received shutdown signal -- Shutting down the server.
[Tue Nov 06 19:27:32.071242 2018] [mpm_winnt:notice] [pid 924:tid 688] AH00364: Child: All worker threads have exited.
[Tue Nov 06 19:27:32.327232 2018] [mpm_winnt:notice] [pid 3580:tid 692] AH00430: Parent: Child process 924 exited successfully.
[Tue Nov 06 19:27:53.234621 2018] [ssl:warn] [pid 3716:tid 688] AH01909: localhost:443:0 server certificate does NOT include an ID which matches the server name
[Tue Nov 06 19:27:53.648557 2018] [ssl:warn] [pid 3716:tid 688] AH01909: localhost:443:0 server certificate does NOT include an ID which matches the server name
[Tue Nov 06 19:27:53.991005 2018] [mpm_winnt:notice] [pid 3716:tid 688] AH00455: Apache/2.4.35 (Win32) OpenSSL/1.0.2p PHP/7.1.22 configured -- resuming normal operations
[Tue Nov 06 19:27:53.991005 2018] [mpm_winnt:notice] [pid 3716:tid 688] AH00456: Apache Lounge VC14 Server built: Sep 20 2018 13:45:32
[Tue Nov 06 19:27:53.991005 2018] [core:notice] [pid 3716:tid 688] AH00094: Command line: 'C:\\Bitnami\\redmine-3.4.6-3\\apache2\\bin\\httpd.exe -d C:/Bitnami/redmine-3.4.6-3/apache2 -f C:\\Bitnami\\redmine-3.4.6-3\\apache2\\conf\\httpd.conf'
[Tue Nov 06 19:27:53.994503 2018] [mpm_winnt:notice] [pid 3716:tid 688] AH00418: Parent: Created child process 3392
[Tue Nov 06 19:27:55.928702 2018] [ssl:warn] [pid 3392:tid 720] AH01909: localhost:443:0 server certificate does NOT include an ID which matches the server name
[Tue Nov 06 19:27:56.410128 2018] [ssl:warn] [pid 3392:tid 720] AH01909: localhost:443:0 server certificate does NOT include an ID which matches the server name
[Tue Nov 06 19:27:56.472117 2018] [mpm_winnt:notice] [pid 3392:tid 720] AH00354: Child: Starting 64 worker threads.
[Wed Nov 07 19:40:13.406949 2018] [mpm_winnt:notice] [pid 3716:tid 688] AH00422: Parent: Received shutdown signal -- Shutting down the server.
[Wed Nov 07 19:40:15.469900 2018] [mpm_winnt:notice] [pid 3392:tid 720] AH00364: Child: All worker threads have exited.
[Wed Nov 07 19:40:15.664615 2018] [mpm_winnt:notice] [pid 3716:tid 688] AH00430: Parent: Child process 3392 exited successfully.
[Wed Nov 07 19:40:35.749919 2018] [ssl:warn] [pid 3576:tid 728] AH01909: localhost:443:0 server certificate does NOT include an ID which matches the server name
[Wed Nov 07 19:40:36.122876 2018] [ssl:warn] [pid 3576:tid 728] AH01909: localhost:443:0 server certificate does NOT include an ID which matches the server name
[Wed Nov 07 19:40:36.626480 2018] [mpm_winnt:notice] [pid 3576:tid 728] AH00455: Apache/2.4.35 (Win32) OpenSSL/1.0.2p PHP/7.1.22 configured -- resuming normal operations
[Wed Nov 07 19:40:36.626480 2018] [mpm_winnt:notice] [pid 3576:tid 728] AH00456: Apache Lounge VC14 Server built: Sep 20 2018 13:45:32
[Wed Nov 07 19:40:36.626480 2018] [core:notice] [pid 3576:tid 728] AH00094: Command line: 'C:\\Bitnami\\redmine-3.4.6-3\\apache2\\bin\\httpd.exe -d C:/Bitnami/redmine-3.4.6-3/apache2 -f C:\\Bitnami\\redmine-3.4.6-3\\apache2\\conf\\httpd.conf'
[Wed Nov 07 19:40:36.628506 2018] [mpm_winnt:notice] [pid 3576:tid 728] AH00418: Parent: Created child process 3260
[Wed Nov 07 19:40:38.606800 2018] [ssl:warn] [pid 3260:tid 744] AH01909: localhost:443:0 server certificate does NOT include an ID which matches the server name
[Wed Nov 07 19:40:38.929922 2018] [ssl:warn] [pid 3260:tid 744] AH01909: localhost:443:0 server certificate does NOT include an ID which matches the server name
[Wed Nov 07 19:40:39.041726 2018] [mpm_winnt:notice] [pid 3260:tid 744] AH00354: Child: Starting 64 worker threads.
[Wed Nov 07 21:41:46.917860 2018] [mpm_winnt:notice] [pid 3576:tid 728] AH00422: Parent: Received shutdown signal -- Shutting down the server.
[Wed Nov 07 21:41:49.011610 2018] [mpm_winnt:notice] [pid 3260:tid 744] AH00364: Child: All worker threads have exited.
[Wed Nov 07 21:41:49.261563 2018] [mpm_winnt:notice] [pid 3576:tid 728] AH00430: Parent: Child process 3260 exited successfully.
[Wed Nov 07 21:42:17.161706 2018] [ssl:warn] [pid 3796:tid 824] AH01909: localhost:443:0 server certificate does NOT include an ID which matches the server name
[Wed Nov 07 21:42:17.566507 2018] [ssl:warn] [pid 3796:tid 824] AH01909: localhost:443:0 server certificate does NOT include an ID which matches the server name
[Wed Nov 07 21:42:17.928945 2018] [mpm_winnt:notice] [pid 3796:tid 824] AH00455: Apache/2.4.35 (Win32) OpenSSL/1.0.2p PHP/7.1.22 configured -- resuming normal operations
[Wed Nov 07 21:42:17.928945 2018] [mpm_winnt:notice] [pid 3796:tid 824] AH00456: Apache Lounge VC14 Server built: Sep 20 2018 13:45:32
[Wed Nov 07 21:42:17.928945 2018] [core:notice] [pid 3796:tid 824] AH00094: Command line: 'C:\\Bitnami\\redmine-3.4.6-3\\apache2\\bin\\httpd.exe -d C:/Bitnami/redmine-3.4.6-3/apache2 -f C:\\Bitnami\\redmine-3.4.6-3\\apache2\\conf\\httpd.conf'
[Wed Nov 07 21:42:17.928945 2018] [mpm_winnt:notice] [pid 3796:tid 824] AH00418: Parent: Created child process 6156
[Wed Nov 07 21:42:20.132901 2018] [ssl:warn] [pid 6156:tid 684] AH01909: localhost:443:0 server certificate does NOT include an ID which matches the server name
[Wed Nov 07 21:42:20.727491 2018] [ssl:warn] [pid 6156:tid 684] AH01909: localhost:443:0 server certificate does NOT include an ID which matches the server name
[Wed Nov 07 21:42:20.807958 2018] [mpm_winnt:notice] [pid 6156:tid 684] AH00354: Child: Starting 64 worker threads.
[Wed Nov 07 23:00:32.407375 2018] [mpm_winnt:notice] [pid 3796:tid 824] AH00422: Parent: Received shutdown signal -- Shutting down the server.
[Wed Nov 07 23:00:34.469874 2018] [mpm_winnt:notice] [pid 6156:tid 684] AH00364: Child: All worker threads have exited.
[Wed Nov 07 23:00:34.719804 2018] [mpm_winnt:notice] [pid 3796:tid 824] AH00430: Parent: Child process 6156 exited successfully.
[Wed Nov 07 23:00:55.382126 2018] [ssl:warn] [pid 3740:tid 740] AH01909: localhost:443:0 server certificate does NOT include an ID which matches the server name
[Wed Nov 07 23:00:55.907544 2018] [ssl:warn] [pid 3740:tid 740] AH01909: localhost:443:0 server certificate does NOT include an ID which matches the server name
[Wed Nov 07 23:00:56.233495 2018] [mpm_winnt:notice] [pid 3740:tid 740] AH00455: Apache/2.4.35 (Win32) OpenSSL/1.0.2p PHP/7.1.22 configured -- resuming normal operations
[Wed Nov 07 23:00:56.233495 2018] [mpm_winnt:notice] [pid 3740:tid 740] AH00456: Apache Lounge VC14 Server built: Sep 20 2018 13:45:32
[Wed Nov 07 23:00:56.233495 2018] [core:notice] [pid 3740:tid 740] AH00094: Command line: 'C:\\Bitnami\\redmine-3.4.6-3\\apache2\\bin\\httpd.exe -d C:/Bitnami/redmine-3.4.6-3/apache2 -f C:\\Bitnami\\redmine-3.4.6-3\\apache2\\conf\\httpd.conf'
[Wed Nov 07 23:00:56.244492 2018] [mpm_winnt:notice] [pid 3740:tid 740] AH00418: Parent: Created child process 3508
[Wed Nov 07 23:00:58.015586 2018] [ssl:warn] [pid 3508:tid 684] AH01909: localhost:443:0 server certificate does NOT include an ID which matches the server name
[Wed Nov 07 23:00:58.623994 2018] [ssl:warn] [pid 3508:tid 684] AH01909: localhost:443:0 server certificate does NOT include an ID which matches the server name
[Wed Nov 07 23:00:59.944787 2018] [mpm_winnt:notice] [pid 3508:tid 684] AH00354: Child: Starting 64 worker threads.
[Thu Nov 08 21:29:02.519791 2018] [mpm_winnt:notice] [pid 3740:tid 740] AH00422: Parent: Received shutdown signal -- Shutting down the server.
[Thu Nov 08 21:29:04.622192 2018] [mpm_winnt:notice] [pid 3508:tid 684] AH00364: Child: All worker threads have exited.
[Thu Nov 08 21:29:04.839539 2018] [mpm_winnt:notice] [pid 3740:tid 740] AH00430: Parent: Child process 3508 exited successfully.
[Thu Nov 08 21:29:25.488529 2018] [ssl:warn] [pid 3640:tid 620] AH01909: localhost:443:0 server certificate does NOT include an ID which matches the server name
[Thu Nov 08 21:29:25.854814 2018] [ssl:warn] [pid 3640:tid 620] AH01909: localhost:443:0 server certificate does NOT include an ID which matches the server name
[Thu Nov 08 21:29:26.137096 2018] [mpm_winnt:notice] [pid 3640:tid 620] AH00455: Apache/2.4.35 (Win32) OpenSSL/1.0.2p PHP/7.1.22 configured -- resuming normal operations
[Thu Nov 08 21:29:26.137096 2018] [mpm_winnt:notice] [pid 3640:tid 620] AH00456: Apache Lounge VC14 Server built: Sep 20 2018 13:45:32
[Thu Nov 08 21:29:26.137096 2018] [core:notice] [pid 3640:tid 620] AH00094: Command line: 'C:\\Bitnami\\redmine-3.4.6-3\\apache2\\bin\\httpd.exe -d C:/Bitnami/redmine-3.4.6-3/apache2 -f C:\\Bitnami\\redmine-3.4.6-3\\apache2\\conf\\httpd.conf'
[Thu Nov 08 21:29:26.137096 2018] [mpm_winnt:notice] [pid 3640:tid 620] AH00418: Parent: Created child process 5208
[Thu Nov 08 21:29:31.235698 2018] [ssl:warn] [pid 5208:tid 684] AH01909: localhost:443:0 server certificate does NOT include an ID which matches the server name
[Thu Nov 08 21:29:31.673184 2018] [ssl:warn] [pid 5208:tid 684] AH01909: localhost:443:0 server certificate does NOT include an ID which matches the server name
[Thu Nov 08 21:29:32.516907 2018] [mpm_winnt:notice] [pid 5208:tid 684] AH00354: Child: Starting 64 worker threads.
[Thu Nov 08 23:05:48.629043 2018] [mpm_winnt:notice] [pid 3640:tid 620] AH00422: Parent: Received shutdown signal -- Shutting down the server.
[Thu Nov 08 23:05:50.800861 2018] [mpm_winnt:notice] [pid 5208:tid 684] AH00364: Child: All worker threads have exited.
[Thu Nov 08 23:05:51.066483 2018] [mpm_winnt:notice] [pid 3640:tid 620] AH00430: Parent: Child process 5208 exited successfully.
[Thu Nov 08 23:06:09.766958 2018] [ssl:warn] [pid 3660:tid 760] AH01909: localhost:443:0 server certificate does NOT include an ID which matches the server name
[Thu Nov 08 23:06:10.094406 2018] [ssl:warn] [pid 3660:tid 760] AH01909: localhost:443:0 server certificate does NOT include an ID which matches the server name
[Thu Nov 08 23:06:10.337870 2018] [mpm_winnt:notice] [pid 3660:tid 760] AH00455: Apache/2.4.35 (Win32) OpenSSL/1.0.2p PHP/7.1.22 configured -- resuming normal operations
[Thu Nov 08 23:06:10.337870 2018] [mpm_winnt:notice] [pid 3660:tid 760] AH00456: Apache Lounge VC14 Server built: Sep 20 2018 13:45:32
[Thu Nov 08 23:06:10.337870 2018] [core:notice] [pid 3660:tid 760] AH00094: Command line: 'C:\\Bitnami\\redmine-3.4.6-3\\apache2\\bin\\httpd.exe -d C:/Bitnami/redmine-3.4.6-3/apache2 -f C:\\Bitnami\\redmine-3.4.6-3\\apache2\\conf\\httpd.conf'
[Thu Nov 08 23:06:10.352867 2018] [mpm_winnt:notice] [pid 3660:tid 760] AH00418: Parent: Created child process 932
[Thu Nov 08 23:06:12.427544 2018] [ssl:warn] [pid 932:tid 668] AH01909: localhost:443:0 server certificate does NOT include an ID which matches the server name
[Thu Nov 08 23:06:14.571944 2018] [ssl:warn] [pid 932:tid 668] AH01909: localhost:443:0 server certificate does NOT include an ID which matches the server name
[Thu Nov 08 23:06:14.983830 2018] [mpm_winnt:notice] [pid 932:tid 668] AH00354: Child: Starting 64 worker threads.
[Fri Nov 09 21:37:50.702709 2018] [mpm_winnt:notice] [pid 3660:tid 760] AH00422: Parent: Received shutdown signal -- Shutting down the server.
[Fri Nov 09 21:37:52.775848 2018] [mpm_winnt:notice] [pid 932:tid 668] AH00364: Child: All worker threads have exited.
[Fri Nov 09 21:37:53.020684 2018] [mpm_winnt:notice] [pid 3660:tid 760] AH00430: Parent: Child process 932 exited successfully.
[Fri Nov 09 21:38:12.681662 2018] [ssl:warn] [pid 3964:tid 736] AH01909: localhost:443:0 server certificate does NOT include an ID which matches the server name
[Fri Nov 09 21:38:13.178822 2018] [ssl:warn] [pid 3964:tid 736] AH01909: localhost:443:0 server certificate does NOT include an ID which matches the server name
[Fri Nov 09 21:38:13.541969 2018] [mpm_winnt:notice] [pid 3964:tid 736] AH00455: Apache/2.4.35 (Win32) OpenSSL/1.0.2p PHP/7.1.22 configured -- resuming normal operations
[Fri Nov 09 21:38:13.550039 2018] [mpm_winnt:notice] [pid 3964:tid 736] AH00456: Apache Lounge VC14 Server built: Sep 20 2018 13:45:32
[Fri Nov 09 21:38:13.550039 2018] [core:notice] [pid 3964:tid 736] AH00094: Command line: 'C:\\Bitnami\\redmine-3.4.6-3\\apache2\\bin\\httpd.exe -d C:/Bitnami/redmine-3.4.6-3/apache2 -f C:\\Bitnami\\redmine-3.4.6-3\\apache2\\conf\\httpd.conf'
[Fri Nov 09 21:38:13.602374 2018] [mpm_winnt:notice] [pid 3964:tid 736] AH00418: Parent: Created child process 2872
[Fri Nov 09 21:38:16.146892 2018] [ssl:warn] [pid 2872:tid 804] AH01909: localhost:443:0 server certificate does NOT include an ID which matches the server name
[Fri Nov 09 21:38:20.172915 2018] [ssl:warn] [pid 2872:tid 804] AH01909: localhost:443:0 server certificate does NOT include an ID which matches the server name
[Fri Nov 09 21:38:20.688522 2018] [mpm_winnt:notice] [pid 2872:tid 804] AH00354: Child: Starting 64 worker threads.
[Fri Nov 09 21:44:35.546362 2018] [mpm_winnt:notice] [pid 3964:tid 736] AH00422: Parent: Received shutdown signal -- Shutting down the server.
[Fri Nov 09 21:44:37.593156 2018] [mpm_winnt:notice] [pid 2872:tid 804] AH00364: Child: All worker threads have exited.
[Fri Nov 09 21:44:37.640030 2018] [mpm_winnt:notice] [pid 3964:tid 736] AH00430: Parent: Child process 2872 exited successfully.
[Fri Nov 09 21:44:58.575657 2018] [ssl:warn] [pid 3808:tid 832] AH01909: localhost:443:0 server certificate does NOT include an ID which matches the server name
[Fri Nov 09 21:44:59.099248 2018] [ssl:warn] [pid 3808:tid 832] AH01909: localhost:443:0 server certificate does NOT include an ID which matches the server name
[Fri Nov 09 21:44:59.421544 2018] [mpm_winnt:notice] [pid 3808:tid 832] AH00455: Apache/2.4.35 (Win32) OpenSSL/1.0.2p PHP/7.1.22 configured -- resuming normal operations
[Fri Nov 09 21:44:59.442045 2018] [mpm_winnt:notice] [pid 3808:tid 832] AH00456: Apache Lounge VC14 Server built: Sep 20 2018 13:45:32
[Fri Nov 09 21:44:59.442045 2018] [core:notice] [pid 3808:tid 832] AH00094: Command line: 'C:\\Bitnami\\redmine-3.4.6-3\\apache2\\bin\\httpd.exe -d C:/Bitnami/redmine-3.4.6-3/apache2 -f C:\\Bitnami\\redmine-3.4.6-3\\apache2\\conf\\httpd.conf'
[Fri Nov 09 21:44:59.450091 2018] [mpm_winnt:notice] [pid 3808:tid 832] AH00418: Parent: Created child process 6412
[Fri Nov 09 21:45:02.624753 2018] [ssl:warn] [pid 6412:tid 676] AH01909: localhost:443:0 server certificate does NOT include an ID which matches the server name
[Fri Nov 09 21:45:03.202858 2018] [ssl:warn] [pid 6412:tid 676] AH01909: localhost:443:0 server certificate does NOT include an ID which matches the server name
[Fri Nov 09 21:45:03.234108 2018] [mpm_winnt:notice] [pid 6412:tid 676] AH00354: Child: Starting 64 worker threads.
[Sat Nov 10 17:19:17.685625 2018] [mpm_winnt:notice] [pid 3808:tid 832] AH00422: Parent: Received shutdown signal -- Shutting down the server.
[Sat Nov 10 17:19:19.810554 2018] [mpm_winnt:notice] [pid 6412:tid 676] AH00364: Child: All worker threads have exited.
[Sat Nov 10 17:19:20.044932 2018] [mpm_winnt:notice] [pid 3808:tid 832] AH00430: Parent: Child process 6412 exited successfully.
[Sat Nov 10 17:19:42.029253 2018] [ssl:warn] [pid 3924:tid 708] AH01909: localhost:443:0 server certificate does NOT include an ID which matches the server name
[Sat Nov 10 17:19:42.673357 2018] [ssl:warn] [pid 3924:tid 708] AH01909: localhost:443:0 server certificate does NOT include an ID which matches the server name
[Sat Nov 10 17:19:42.997295 2018] [mpm_winnt:notice] [pid 3924:tid 708] AH00455: Apache/2.4.35 (Win32) OpenSSL/1.0.2p PHP/7.1.22 configured -- resuming normal operations
[Sat Nov 10 17:19:42.997295 2018] [mpm_winnt:notice] [pid 3924:tid 708] AH00456: Apache Lounge VC14 Server built: Sep 20 2018 13:45:32
[Sat Nov 10 17:19:42.997295 2018] [core:notice] [pid 3924:tid 708] AH00094: Command line: 'C:\\Bitnami\\redmine-3.4.6-3\\apache2\\bin\\httpd.exe -d C:/Bitnami/redmine-3.4.6-3/apache2 -f C:\\Bitnami\\redmine-3.4.6-3\\apache2\\conf\\httpd.conf'
[Sat Nov 10 17:19:42.997295 2018] [mpm_winnt:notice] [pid 3924:tid 708] AH00418: Parent: Created child process 6208
[Sat Nov 10 17:19:45.743218 2018] [ssl:warn] [pid 6208:tid 596] AH01909: localhost:443:0 server certificate does NOT include an ID which matches the server name
[Sat Nov 10 17:19:49.696205 2018] [ssl:warn] [pid 6208:tid 596] AH01909: localhost:443:0 server certificate does NOT include an ID which matches the server name
[Sat Nov 10 17:19:50.243061 2018] [mpm_winnt:notice] [pid 6208:tid 596] AH00354: Child: Starting 64 worker threads.
[Sat Nov 10 20:34:25.656392 2018] [mpm_winnt:notice] [pid 3924:tid 708] AH00422: Parent: Received shutdown signal -- Shutting down the server.
[Sat Nov 10 20:34:27.750134 2018] [mpm_winnt:notice] [pid 6208:tid 596] AH00364: Child: All worker threads have exited.
[Sat Nov 10 20:34:27.984464 2018] [mpm_winnt:notice] [pid 3924:tid 708] AH00430: Parent: Child process 6208 exited successfully.
[Sat Nov 10 20:34:47.192587 2018] [ssl:warn] [pid 3668:tid 600] AH01909: localhost:443:0 server certificate does NOT include an ID which matches the server name
[Sat Nov 10 20:34:47.728003 2018] [ssl:warn] [pid 3668:tid 600] AH01909: localhost:443:0 server certificate does NOT include an ID which matches the server name
[Sat Nov 10 20:34:48.169433 2018] [mpm_winnt:notice] [pid 3668:tid 600] AH00455: Apache/2.4.35 (Win32) OpenSSL/1.0.2p PHP/7.1.22 configured -- resuming normal operations
[Sat Nov 10 20:34:48.169933 2018] [mpm_winnt:notice] [pid 3668:tid 600] AH00456: Apache Lounge VC14 Server built: Sep 20 2018 13:45:32
[Sat Nov 10 20:34:48.169933 2018] [core:notice] [pid 3668:tid 600] AH00094: Command line: 'C:\\Bitnami\\redmine-3.4.6-3\\apache2\\bin\\httpd.exe -d C:/Bitnami/redmine-3.4.6-3/apache2 -f C:\\Bitnami\\redmine-3.4.6-3\\apache2\\conf\\httpd.conf'
[Sat Nov 10 20:34:48.206927 2018] [mpm_winnt:notice] [pid 3668:tid 600] AH00418: Parent: Created child process 6580
[Sat Nov 10 20:34:52.519243 2018] [ssl:warn] [pid 6580:tid 732] AH01909: localhost:443:0 server certificate does NOT include an ID which matches the server name
[Sat Nov 10 20:34:57.149134 2018] [ssl:warn] [pid 6580:tid 732] AH01909: localhost:443:0 server certificate does NOT include an ID which matches the server name
